2024/05/20 14:47:41 [notice] 1#1: using the "epoll" event method
2024/05/20 14:47:41 [notice] 1#1: nginx/1.25.5
2024/05/20 14:47:41 [notice] 1#1: built by gcc 12.2.0 (Debian 12.2.0-14) 
2024/05/20 14:47:41 [notice] 1#1: OS: Linux 5.15.146.1-microsoft-standard-WSL2
2024/05/20 14:47:41 [notice] 1#1: getrlimit(RLIMIT_NOFILE): 1048576:1048576
2024/05/20 14:47:41 [notice] 1#1: start worker processes
2024/05/20 14:47:41 [notice] 1#1: start worker process 20
2024/05/20 14:47:41 [notice] 1#1: start worker process 21
2024/05/20 14:47:41 [notice] 1#1: start worker process 22
2024/05/20 14:47:41 [notice] 1#1: start worker process 23
2024/05/20 14:47:41 [notice] 1#1: start worker process 24
2024/05/20 14:47:41 [notice] 1#1: start worker process 25
2024/05/20 14:47:41 [notice] 1#1: start worker process 26
2024/05/20 14:47:41 [notice] 1#1: start worker process 27
2024/05/20 14:47:41 [notice] 1#1: start worker process 28
2024/05/20 14:47:41 [notice] 1#1: start worker process 29
2024/05/20 14:47:41 [notice] 1#1: start worker process 30
2024/05/20 14:47:41 [notice] 1#1: start worker process 31
2024/05/20 14:47:41 [notice] 1#1: start worker process 32
2024/05/20 14:47:41 [notice] 1#1: start worker process 33
2024/05/20 14:47:41 [notice] 1#1: start worker process 34
2024/05/20 14:47:41 [notice] 1#1: start worker process 35
2024/05/20 14:48:58 [notice] 1#1: signal 3 (SIGQUIT) received, shutting down
2024/05/20 14:48:58 [notice] 20#20: gracefully shutting down
2024/05/20 14:48:58 [notice] 32#32: gracefully shutting down
2024/05/20 14:48:58 [notice] 21#21: gracefully shutting down
2024/05/20 14:48:58 [notice] 22#22: gracefully shutting down
2024/05/20 14:48:58 [notice] 23#23: gracefully shutting down
2024/05/20 14:48:58 [notice] 25#25: gracefully shutting down
2024/05/20 14:48:58 [notice] 24#24: gracefully shutting down
2024/05/20 14:48:58 [notice] 26#26: gracefully shutting down
2024/05/20 14:48:58 [notice] 26#26: exiting
2024/05/20 14:48:58 [notice] 27#27: gracefully shutting down
2024/05/20 14:48:58 [notice] 28#28: gracefully shutting down
2024/05/20 14:48:58 [notice] 29#29: gracefully shutting down
2024/05/20 14:48:58 [notice] 29#29: exiting
2024/05/20 14:48:58 [notice] 30#30: gracefully shutting down
2024/05/20 14:48:58 [notice] 31#31: gracefully shutting down
2024/05/20 14:48:58 [notice] 33#33: gracefully shutting down
2024/05/20 14:48:58 [notice] 34#34: gracefully shutting down
2024/05/20 14:48:58 [notice] 35#35: gracefully shutting down
2024/05/20 14:48:58 [notice] 20#20: exiting
2024/05/20 14:48:58 [notice] 32#32: exiting
2024/05/20 14:48:58 [notice] 21#21: exiting
2024/05/20 14:48:58 [notice] 22#22: exiting
2024/05/20 14:48:58 [notice] 23#23: exiting
2024/05/20 14:48:58 [notice] 25#25: exiting
2024/05/20 14:48:58 [notice] 24#24: exiting
2024/05/20 14:48:58 [notice] 26#26: exit
2024/05/20 14:48:58 [notice] 27#27: exiting
2024/05/20 14:48:58 [notice] 28#28: exiting
2024/05/20 14:48:58 [notice] 29#29: exit
2024/05/20 14:48:58 [notice] 30#30: exiting
2024/05/20 14:48:58 [notice] 31#31: exiting
2024/05/20 14:48:58 [notice] 33#33: exiting
2024/05/20 14:48:58 [notice] 34#34: exiting
2024/05/20 14:48:58 [notice] 35#35: exiting
2024/05/20 14:48:58 [notice] 20#20: exit
2024/05/20 14:48:58 [notice] 32#32: exit
2024/05/20 14:48:58 [notice] 21#21: exit
2024/05/20 14:48:58 [notice] 22#22: exit
2024/05/20 14:48:58 [notice] 23#23: exit
2024/05/20 14:48:58 [notice] 25#25: exit
2024/05/20 14:48:58 [notice] 24#24: exit
2024/05/20 14:48:58 [notice] 27#27: exit
2024/05/20 14:48:58 [notice] 28#28: exit
2024/05/20 14:48:58 [notice] 30#30: exit
2024/05/20 14:48:58 [notice] 31#31: exit
2024/05/20 14:48:58 [notice] 33#33: exit
2024/05/20 14:48:58 [notice] 34#34: exit
2024/05/20 14:48:58 [notice] 35#35: exit
2024/05/20 14:48:58 [notice] 1#1: signal 17 (SIGCHLD) received from 29
2024/05/20 14:48:58 [notice] 1#1: worker process 25 exited with code 0
2024/05/20 14:48:58 [notice] 1#1: worker process 26 exited with code 0
2024/05/20 14:48:58 [notice] 1#1: worker process 29 exited with code 0
2024/05/20 14:48:58 [notice] 1#1: signal 29 (SIGIO) received
2024/05/20 14:48:58 [notice] 1#1: signal 17 (SIGCHLD) received from 30
2024/05/20 14:48:58 [notice] 1#1: worker process 23 exited with code 0
2024/05/20 14:48:58 [notice] 1#1: worker process 30 exited with code 0
2024/05/20 14:48:58 [notice] 1#1: signal 29 (SIGIO) received
2024/05/20 14:48:58 [notice] 1#1: signal 17 (SIGCHLD) received from 20
2024/05/20 14:48:58 [notice] 1#1: worker process 20 exited with code 0
2024/05/20 14:48:58 [notice] 1#1: signal 29 (SIGIO) received
2024/05/20 14:48:58 [notice] 1#1: signal 17 (SIGCHLD) received from 34
2024/05/20 14:48:58 [notice] 1#1: worker process 21 exited with code 0
2024/05/20 14:48:58 [notice] 1#1: worker process 28 exited with code 0
2024/05/20 14:48:58 [notice] 1#1: worker process 34 exited with code 0
2024/05/20 14:48:58 [notice] 1#1: signal 29 (SIGIO) received
2024/05/20 14:48:58 [notice] 1#1: signal 17 (SIGCHLD) received from 35
2024/05/20 14:48:58 [notice] 1#1: worker process 24 exited with code 0
2024/05/20 14:48:58 [notice] 1#1: worker process 33 exited with code 0
2024/05/20 14:48:58 [notice] 1#1: worker process 35 exited with code 0
2024/05/20 14:48:58 [notice] 1#1: signal 29 (SIGIO) received
2024/05/20 14:48:58 [notice] 1#1: signal 17 (SIGCHLD) received from 24
2024/05/20 14:48:58 [notice] 1#1: signal 17 (SIGCHLD) received from 22
2024/05/20 14:48:58 [notice] 1#1: worker process 22 exited with code 0
2024/05/20 14:48:58 [notice] 1#1: worker process 27 exited with code 0
2024/05/20 14:48:58 [notice] 1#1: worker process 31 exited with code 0
2024/05/20 14:48:58 [notice] 1#1: worker process 32 exited with code 0
2024/05/20 14:48:58 [notice] 1#1: exit
2024/05/20 14:49:07 [notice] 1#1: using the "epoll" event method
2024/05/20 14:49:07 [notice] 1#1: nginx/1.25.5
2024/05/20 14:49:07 [notice] 1#1: built by gcc 12.2.0 (Debian 12.2.0-14) 
2024/05/20 14:49:07 [notice] 1#1: OS: Linux 5.15.146.1-microsoft-standard-WSL2
2024/05/20 14:49:07 [notice] 1#1: getrlimit(RLIMIT_NOFILE): 1048576:1048576
2024/05/20 14:49:07 [notice] 1#1: start worker processes
2024/05/20 14:49:07 [notice] 1#1: start worker process 28
2024/05/20 14:49:07 [notice] 1#1: start worker process 29
2024/05/20 14:49:07 [notice] 1#1: start worker process 30
2024/05/20 14:49:07 [notice] 1#1: start worker process 31
2024/05/20 14:49:07 [notice] 1#1: start worker process 32
2024/05/20 14:49:07 [notice] 1#1: start worker process 33
2024/05/20 14:49:07 [notice] 1#1: start worker process 34
2024/05/20 14:49:07 [notice] 1#1: start worker process 35
2024/05/20 14:49:07 [notice] 1#1: start worker process 36
2024/05/20 14:49:07 [notice] 1#1: start worker process 37
2024/05/20 14:49:07 [notice] 1#1: start worker process 38
2024/05/20 14:49:07 [notice] 1#1: start worker process 39
2024/05/20 14:49:07 [notice] 1#1: start worker process 40
2024/05/20 14:49:07 [notice] 1#1: start worker process 41
2024/05/20 14:49:07 [notice] 1#1: start worker process 42
2024/05/20 14:49:07 [notice] 1#1: start worker process 43
2024/05/20 14:49:09 [error] 28#28: *1 connect() failed (111: Connection refused) while connecting to upstream, client: 192.168.96.1, server: localhost, request: "GET / HTTP/1.1", upstream: "fastcgi://192.168.96.2:9000", host: "localhost:8001"
2024/05/20 14:49:09 [error] 28#28: *1 connect() failed (111: Connection refused) while connecting to upstream, client: 192.168.96.1, server: localhost, request: "GET / HTTP/1.1", upstream: "fastcgi://192.168.96.2:9000", host: "localhost:8001"
2024/05/20 14:49:10 [error] 28#28: *1 connect() failed (111: Connection refused) while connecting to upstream, client: 192.168.96.1, server: localhost, request: "GET / HTTP/1.1", upstream: "fastcgi://192.168.96.2:9000", host: "localhost:8001"
2024/05/20 14:49:10 [error] 28#28: *1 connect() failed (111: Connection refused) while connecting to upstream, client: 192.168.96.1, server: localhost, request: "GET / HTTP/1.1", upstream: "fastcgi://192.168.96.2:9000", host: "localhost:8001"
2024/05/20 14:49:20 [error] 28#28: *1 connect() failed (111: Connection refused) while connecting to upstream, client: 192.168.96.1, server: localhost, request: "GET / HTTP/1.1", upstream: "fastcgi://192.168.96.2:9000", host: "localhost:8001"
2024/05/20 14:49:21 [error] 28#28: *1 connect() failed (111: Connection refused) while connecting to upstream, client: 192.168.96.1, server: localhost, request: "GET / HTTP/1.1", upstream: "fastcgi://192.168.96.2:9000", host: "localhost:8001"
2024/05/20 14:49:21 [error] 28#28: *1 connect() failed (111: Connection refused) while connecting to upstream, client: 192.168.96.1, server: localhost, request: "GET / HTTP/1.1", upstream: "fastcgi://192.168.96.2:9000", host: "localhost:8001"
2024/05/20 14:50:31 [notice] 1#1: signal 3 (SIGQUIT) received, shutting down
2024/05/20 14:50:31 [notice] 28#28: gracefully shutting down
2024/05/20 14:50:31 [notice] 40#40: gracefully shutting down
2024/05/20 14:50:31 [notice] 29#29: gracefully shutting down
2024/05/20 14:50:31 [notice] 31#31: gracefully shutting down
2024/05/20 14:50:31 [notice] 32#32: gracefully shutting down
2024/05/20 14:50:31 [notice] 30#30: gracefully shutting down
2024/05/20 14:50:31 [notice] 33#33: gracefully shutting down
2024/05/20 14:50:31 [notice] 35#35: gracefully shutting down
2024/05/20 14:50:31 [notice] 34#34: gracefully shutting down
2024/05/20 14:50:31 [notice] 36#36: gracefully shutting down
2024/05/20 14:50:31 [notice] 37#37: gracefully shutting down
2024/05/20 14:50:31 [notice] 38#38: gracefully shutting down
2024/05/20 14:50:31 [notice] 39#39: gracefully shutting down
2024/05/20 14:50:31 [notice] 41#41: gracefully shutting down
2024/05/20 14:50:31 [notice] 28#28: exiting
2024/05/20 14:50:31 [notice] 42#42: gracefully shutting down
2024/05/20 14:50:31 [notice] 43#43: gracefully shutting down
2024/05/20 14:50:31 [notice] 40#40: exiting
2024/05/20 14:50:31 [notice] 29#29: exiting
2024/05/20 14:50:31 [notice] 31#31: exiting
2024/05/20 14:50:31 [notice] 32#32: exiting
2024/05/20 14:50:31 [notice] 30#30: exiting
2024/05/20 14:50:31 [notice] 33#33: exiting
2024/05/20 14:50:31 [notice] 35#35: exiting
2024/05/20 14:50:31 [notice] 34#34: exiting
2024/05/20 14:50:31 [notice] 36#36: exiting
2024/05/20 14:50:31 [notice] 37#37: exiting
2024/05/20 14:50:31 [notice] 38#38: exiting
2024/05/20 14:50:31 [notice] 39#39: exiting
2024/05/20 14:50:31 [notice] 41#41: exiting
2024/05/20 14:50:31 [notice] 28#28: exit
2024/05/20 14:50:31 [notice] 42#42: exiting
2024/05/20 14:50:31 [notice] 43#43: exiting
2024/05/20 14:50:31 [notice] 40#40: exit
2024/05/20 14:50:31 [notice] 29#29: exit
2024/05/20 14:50:31 [notice] 31#31: exit
2024/05/20 14:50:31 [notice] 32#32: exit
2024/05/20 14:50:31 [notice] 30#30: exit
2024/05/20 14:50:31 [notice] 33#33: exit
2024/05/20 14:50:31 [notice] 35#35: exit
2024/05/20 14:50:31 [notice] 34#34: exit
2024/05/20 14:50:31 [notice] 36#36: exit
2024/05/20 14:50:31 [notice] 37#37: exit
2024/05/20 14:50:31 [notice] 38#38: exit
2024/05/20 14:50:31 [notice] 39#39: exit
2024/05/20 14:50:31 [notice] 41#41: exit
2024/05/20 14:50:31 [notice] 42#42: exit
2024/05/20 14:50:31 [notice] 43#43: exit
2024/05/20 14:50:31 [notice] 1#1: signal 17 (SIGCHLD) received from 28
2024/05/20 14:50:31 [notice] 1#1: worker process 28 exited with code 0
2024/05/20 14:50:31 [notice] 1#1: worker process 32 exited with code 0
2024/05/20 14:50:31 [notice] 1#1: worker process 34 exited with code 0
2024/05/20 14:50:31 [notice] 1#1: worker process 36 exited with code 0
2024/05/20 14:50:31 [notice] 1#1: worker process 40 exited with code 0
2024/05/20 14:50:31 [notice] 1#1: signal 29 (SIGIO) received
2024/05/20 14:50:31 [notice] 1#1: signal 17 (SIGCHLD) received from 41
2024/05/20 14:50:31 [notice] 1#1: worker process 41 exited with code 0
2024/05/20 14:50:31 [notice] 1#1: signal 29 (SIGIO) received
2024/05/20 14:50:31 [notice] 1#1: signal 17 (SIGCHLD) received from 39
2024/05/20 14:50:31 [notice] 1#1: worker process 39 exited with code 0
2024/05/20 14:50:31 [notice] 1#1: signal 29 (SIGIO) received
2024/05/20 14:50:31 [notice] 1#1: signal 17 (SIGCHLD) received from 37
2024/05/20 14:50:31 [notice] 1#1: worker process 30 exited with code 0
2024/05/20 14:50:31 [notice] 1#1: worker process 31 exited with code 0
2024/05/20 14:50:31 [notice] 1#1: worker process 37 exited with code 0
2024/05/20 14:50:31 [notice] 1#1: worker process 38 exited with code 0
2024/05/20 14:50:31 [notice] 1#1: signal 29 (SIGIO) received
2024/05/20 14:50:31 [notice] 1#1: signal 17 (SIGCHLD) received from 31
2024/05/20 14:50:31 [notice] 1#1: signal 17 (SIGCHLD) received from 33
2024/05/20 14:50:31 [notice] 1#1: worker process 33 exited with code 0
2024/05/20 14:50:31 [notice] 1#1: worker process 42 exited with code 0
2024/05/20 14:50:31 [notice] 1#1: signal 29 (SIGIO) received
2024/05/20 14:50:31 [notice] 1#1: signal 17 (SIGCHLD) received from 43
2024/05/20 14:50:31 [notice] 1#1: worker process 29 exited with code 0
2024/05/20 14:50:31 [notice] 1#1: worker process 35 exited with code 0
2024/05/20 14:50:31 [notice] 1#1: worker process 43 exited with code 0
2024/05/20 14:50:31 [notice] 1#1: exit
2024/05/20 14:59:40 [notice] 1#1: using the "epoll" event method
2024/05/20 14:59:40 [notice] 1#1: nginx/1.25.5
2024/05/20 14:59:40 [notice] 1#1: built by gcc 12.2.0 (Debian 12.2.0-14) 
2024/05/20 14:59:40 [notice] 1#1: OS: Linux 5.15.146.1-microsoft-standard-WSL2
2024/05/20 14:59:40 [notice] 1#1: getrlimit(RLIMIT_NOFILE): 1048576:1048576
2024/05/20 14:59:40 [notice] 1#1: start worker processes
2024/05/20 14:59:40 [notice] 1#1: start worker process 28
2024/05/20 14:59:40 [notice] 1#1: start worker process 29
2024/05/20 14:59:40 [notice] 1#1: start worker process 30
2024/05/20 14:59:40 [notice] 1#1: start worker process 31
2024/05/20 14:59:40 [notice] 1#1: start worker process 32
2024/05/20 14:59:40 [notice] 1#1: start worker process 33
2024/05/20 14:59:40 [notice] 1#1: start worker process 34
2024/05/20 14:59:40 [notice] 1#1: start worker process 35
2024/05/20 14:59:40 [notice] 1#1: start worker process 36
2024/05/20 14:59:40 [notice] 1#1: start worker process 37
2024/05/20 14:59:40 [notice] 1#1: start worker process 38
2024/05/20 14:59:40 [notice] 1#1: start worker process 39
2024/05/20 14:59:40 [notice] 1#1: start worker process 40
2024/05/20 14:59:40 [notice] 1#1: start worker process 41
2024/05/20 14:59:40 [notice] 1#1: start worker process 42
2024/05/20 14:59:40 [notice] 1#1: start worker process 43
2024/05/20 15:01:42 [notice] 1#1: signal 3 (SIGQUIT) received, shutting down
2024/05/20 15:01:42 [notice] 28#28: gracefully shutting down
2024/05/20 15:01:42 [notice] 39#39: gracefully shutting down
2024/05/20 15:01:42 [notice] 29#29: gracefully shutting down
2024/05/20 15:01:42 [notice] 30#30: gracefully shutting down
2024/05/20 15:01:42 [notice] 30#30: exiting
2024/05/20 15:01:42 [notice] 32#32: gracefully shutting down
2024/05/20 15:01:42 [notice] 31#31: gracefully shutting down
2024/05/20 15:01:42 [notice] 34#34: gracefully shutting down
2024/05/20 15:01:42 [notice] 33#33: gracefully shutting down
2024/05/20 15:01:42 [notice] 35#35: gracefully shutting down
2024/05/20 15:01:42 [notice] 36#36: gracefully shutting down
2024/05/20 15:01:42 [notice] 37#37: gracefully shutting down
2024/05/20 15:01:42 [notice] 38#38: gracefully shutting down
2024/05/20 15:01:42 [notice] 40#40: gracefully shutting down
2024/05/20 15:01:42 [notice] 41#41: gracefully shutting down
2024/05/20 15:01:42 [notice] 28#28: exiting
2024/05/20 15:01:42 [notice] 42#42: gracefully shutting down
2024/05/20 15:01:42 [notice] 43#43: gracefully shutting down
2024/05/20 15:01:42 [notice] 39#39: exiting
2024/05/20 15:01:42 [notice] 29#29: exiting
2024/05/20 15:01:42 [notice] 30#30: exit
2024/05/20 15:01:42 [notice] 32#32: exiting
2024/05/20 15:01:42 [notice] 31#31: exiting
2024/05/20 15:01:42 [notice] 34#34: exiting
2024/05/20 15:01:42 [notice] 33#33: exiting
2024/05/20 15:01:42 [notice] 35#35: exiting
2024/05/20 15:01:42 [notice] 36#36: exiting
2024/05/20 15:01:42 [notice] 37#37: exiting
2024/05/20 15:01:42 [notice] 38#38: exiting
2024/05/20 15:01:42 [notice] 40#40: exiting
2024/05/20 15:01:42 [notice] 41#41: exiting
2024/05/20 15:01:42 [notice] 28#28: exit
2024/05/20 15:01:42 [notice] 42#42: exiting
2024/05/20 15:01:42 [notice] 43#43: exiting
2024/05/20 15:01:42 [notice] 39#39: exit
2024/05/20 15:01:42 [notice] 29#29: exit
2024/05/20 15:01:42 [notice] 32#32: exit
2024/05/20 15:01:42 [notice] 31#31: exit
2024/05/20 15:01:42 [notice] 34#34: exit
2024/05/20 15:01:42 [notice] 33#33: exit
2024/05/20 15:01:42 [notice] 35#35: exit
2024/05/20 15:01:42 [notice] 36#36: exit
2024/05/20 15:01:42 [notice] 37#37: exit
2024/05/20 15:01:42 [notice] 38#38: exit
2024/05/20 15:01:42 [notice] 40#40: exit
2024/05/20 15:01:42 [notice] 41#41: exit
2024/05/20 15:01:42 [notice] 42#42: exit
2024/05/20 15:01:42 [notice] 43#43: exit
2024/05/20 15:01:42 [notice] 1#1: signal 17 (SIGCHLD) received from 29
2024/05/20 15:01:42 [notice] 1#1: worker process 29 exited with code 0
2024/05/20 15:01:42 [notice] 1#1: worker process 30 exited with code 0
2024/05/20 15:01:42 [notice] 1#1: worker process 33 exited with code 0
2024/05/20 15:01:42 [notice] 1#1: worker process 36 exited with code 0
2024/05/20 15:01:42 [notice] 1#1: worker process 38 exited with code 0
2024/05/20 15:01:42 [notice] 1#1: worker process 40 exited with code 0
2024/05/20 15:01:42 [notice] 1#1: worker process 43 exited with code 0
2024/05/20 15:01:42 [notice] 1#1: signal 29 (SIGIO) received
2024/05/20 15:01:42 [notice] 1#1: signal 17 (SIGCHLD) received from 40
2024/05/20 15:01:42 [notice] 1#1: signal 17 (SIGCHLD) received from 28
2024/05/20 15:01:42 [notice] 1#1: worker process 28 exited with code 0
2024/05/20 15:01:42 [notice] 1#1: worker process 31 exited with code 0
2024/05/20 15:01:42 [notice] 1#1: worker process 35 exited with code 0
2024/05/20 15:01:42 [notice] 1#1: worker process 37 exited with code 0
2024/05/20 15:01:42 [notice] 1#1: worker process 39 exited with code 0
2024/05/20 15:01:42 [notice] 1#1: worker process 41 exited with code 0
2024/05/20 15:01:42 [notice] 1#1: signal 29 (SIGIO) received
2024/05/20 15:01:42 [notice] 1#1: signal 17 (SIGCHLD) received from 31
2024/05/20 15:01:42 [notice] 1#1: signal 17 (SIGCHLD) received from 42
2024/05/20 15:01:42 [notice] 1#1: worker process 32 exited with code 0
2024/05/20 15:01:42 [notice] 1#1: worker process 42 exited with code 0
2024/05/20 15:01:42 [notice] 1#1: signal 29 (SIGIO) received
2024/05/20 15:01:42 [notice] 1#1: signal 17 (SIGCHLD) received from 34
2024/05/20 15:01:42 [notice] 1#1: worker process 34 exited with code 0
2024/05/20 15:01:42 [notice] 1#1: exit
2024/05/20 15:01:47 [notice] 1#1: using the "epoll" event method
2024/05/20 15:01:47 [notice] 1#1: nginx/1.25.5
2024/05/20 15:01:47 [notice] 1#1: built by gcc 12.2.0 (Debian 12.2.0-14) 
2024/05/20 15:01:47 [notice] 1#1: OS: Linux 5.15.146.1-microsoft-standard-WSL2
2024/05/20 15:01:47 [notice] 1#1: getrlimit(RLIMIT_NOFILE): 1048576:1048576
2024/05/20 15:01:47 [notice] 1#1: start worker processes
2024/05/20 15:01:47 [notice] 1#1: start worker process 28
2024/05/20 15:01:47 [notice] 1#1: start worker process 29
2024/05/20 15:01:47 [notice] 1#1: start worker process 30
2024/05/20 15:01:47 [notice] 1#1: start worker process 31
2024/05/20 15:01:47 [notice] 1#1: start worker process 32
2024/05/20 15:01:47 [notice] 1#1: start worker process 33
2024/05/20 15:01:47 [notice] 1#1: start worker process 34
2024/05/20 15:01:47 [notice] 1#1: start worker process 35
2024/05/20 15:01:47 [notice] 1#1: start worker process 36
2024/05/20 15:01:47 [notice] 1#1: start worker process 37
2024/05/20 15:01:47 [notice] 1#1: start worker process 38
2024/05/20 15:01:47 [notice] 1#1: start worker process 39
2024/05/20 15:01:47 [notice] 1#1: start worker process 40
2024/05/20 15:01:47 [notice] 1#1: start worker process 41
2024/05/20 15:01:47 [notice] 1#1: start worker process 42
2024/05/20 15:01:47 [notice] 1#1: start worker process 43
2024/05/20 15:02:27 [notice] 1#1: signal 3 (SIGQUIT) received, shutting down
2024/05/20 15:02:27 [notice] 28#28: gracefully shutting down
2024/05/20 15:02:27 [notice] 29#29: gracefully shutting down
2024/05/20 15:02:27 [notice] 30#30: gracefully shutting down
2024/05/20 15:02:27 [notice] 31#31: gracefully shutting down
2024/05/20 15:02:27 [notice] 32#32: gracefully shutting down
2024/05/20 15:02:27 [notice] 33#33: gracefully shutting down
2024/05/20 15:02:27 [notice] 34#34: gracefully shutting down
2024/05/20 15:02:27 [notice] 35#35: gracefully shutting down
2024/05/20 15:02:27 [notice] 36#36: gracefully shutting down
2024/05/20 15:02:27 [notice] 37#37: gracefully shutting down
2024/05/20 15:02:27 [notice] 38#38: gracefully shutting down
2024/05/20 15:02:27 [notice] 39#39: gracefully shutting down
2024/05/20 15:02:27 [notice] 40#40: gracefully shutting down
2024/05/20 15:02:27 [notice] 41#41: gracefully shutting down
2024/05/20 15:02:27 [notice] 42#42: gracefully shutting down
2024/05/20 15:02:27 [notice] 43#43: gracefully shutting down
2024/05/20 15:02:27 [notice] 28#28: exiting
2024/05/20 15:02:27 [notice] 30#30: exiting
2024/05/20 15:02:27 [notice] 31#31: exiting
2024/05/20 15:02:27 [notice] 32#32: exiting
2024/05/20 15:02:27 [notice] 33#33: exiting
2024/05/20 15:02:27 [notice] 34#34: exiting
2024/05/20 15:02:27 [notice] 35#35: exiting
2024/05/20 15:02:27 [notice] 36#36: exiting
2024/05/20 15:02:27 [notice] 37#37: exiting
2024/05/20 15:02:27 [notice] 38#38: exiting
2024/05/20 15:02:27 [notice] 39#39: exiting
2024/05/20 15:02:27 [notice] 40#40: exiting
2024/05/20 15:02:27 [notice] 41#41: exiting
2024/05/20 15:02:27 [notice] 42#42: exiting
2024/05/20 15:02:27 [notice] 43#43: exiting
2024/05/20 15:02:27 [notice] 28#28: exit
2024/05/20 15:02:27 [notice] 30#30: exit
2024/05/20 15:02:27 [notice] 31#31: exit
2024/05/20 15:02:27 [notice] 32#32: exit
2024/05/20 15:02:27 [notice] 33#33: exit
2024/05/20 15:02:27 [notice] 34#34: exit
2024/05/20 15:02:27 [notice] 35#35: exit
2024/05/20 15:02:27 [notice] 36#36: exit
2024/05/20 15:02:27 [notice] 37#37: exit
2024/05/20 15:02:27 [notice] 38#38: exit
2024/05/20 15:02:27 [notice] 39#39: exit
2024/05/20 15:02:27 [notice] 40#40: exit
2024/05/20 15:02:27 [notice] 41#41: exit
2024/05/20 15:02:27 [notice] 42#42: exit
2024/05/20 15:02:27 [notice] 43#43: exit
2024/05/20 15:02:27 [notice] 1#1: signal 17 (SIGCHLD) received from 36
2024/05/20 15:02:27 [notice] 1#1: worker process 32 exited with code 0
2024/05/20 15:02:27 [notice] 1#1: worker process 36 exited with code 0
2024/05/20 15:02:27 [notice] 1#1: worker process 41 exited with code 0
2024/05/20 15:02:27 [notice] 1#1: signal 29 (SIGIO) received
2024/05/20 15:02:27 [notice] 1#1: signal 17 (SIGCHLD) received from 40
2024/05/20 15:02:27 [notice] 1#1: worker process 30 exited with code 0
2024/05/20 15:02:27 [notice] 1#1: worker process 31 exited with code 0
2024/05/20 15:02:27 [notice] 1#1: worker process 33 exited with code 0
2024/05/20 15:02:27 [notice] 1#1: worker process 34 exited with code 0
2024/05/20 15:02:27 [notice] 1#1: worker process 37 exited with code 0
2024/05/20 15:02:27 [notice] 1#1: worker process 38 exited with code 0
2024/05/20 15:02:27 [notice] 1#1: worker process 40 exited with code 0
2024/05/20 15:02:27 [notice] 1#1: worker process 42 exited with code 0
2024/05/20 15:02:27 [notice] 1#1: worker process 43 exited with code 0
2024/05/20 15:02:27 [notice] 1#1: signal 29 (SIGIO) received
2024/05/20 15:02:27 [notice] 1#1: signal 17 (SIGCHLD) received from 33
2024/05/20 15:02:27 [notice] 1#1: signal 17 (SIGCHLD) received from 28
2024/05/20 15:02:27 [notice] 1#1: worker process 28 exited with code 0
2024/05/20 15:02:27 [notice] 1#1: worker process 35 exited with code 0
2024/05/20 15:02:27 [notice] 1#1: worker process 39 exited with code 0
2024/05/20 15:02:27 [notice] 1#1: signal 29 (SIGIO) received
2024/05/20 15:02:27 [notice] 1#1: signal 17 (SIGCHLD) received from 39
2024/05/20 15:02:39 [notice] 1#1: using the "epoll" event method
2024/05/20 15:02:39 [notice] 1#1: nginx/1.25.5
2024/05/20 15:02:39 [notice] 1#1: built by gcc 12.2.0 (Debian 12.2.0-14) 
2024/05/20 15:02:39 [notice] 1#1: OS: Linux 5.15.146.1-microsoft-standard-WSL2
2024/05/20 15:02:39 [notice] 1#1: getrlimit(RLIMIT_NOFILE): 1048576:1048576
2024/05/20 15:02:39 [notice] 1#1: start worker processes
2024/05/20 15:02:39 [notice] 1#1: start worker process 28
2024/05/20 15:02:39 [notice] 1#1: start worker process 29
2024/05/20 15:02:39 [notice] 1#1: start worker process 30
2024/05/20 15:02:39 [notice] 1#1: start worker process 31
2024/05/20 15:02:39 [notice] 1#1: start worker process 32
2024/05/20 15:02:39 [notice] 1#1: start worker process 33
2024/05/20 15:02:39 [notice] 1#1: start worker process 34
2024/05/20 15:02:39 [notice] 1#1: start worker process 35
2024/05/20 15:02:39 [notice] 1#1: start worker process 36
2024/05/20 15:02:39 [notice] 1#1: start worker process 37
2024/05/20 15:02:39 [notice] 1#1: start worker process 38
2024/05/20 15:02:39 [notice] 1#1: start worker process 39
2024/05/20 15:02:39 [notice] 1#1: start worker process 40
2024/05/20 15:02:39 [notice] 1#1: start worker process 41
2024/05/20 15:02:39 [notice] 1#1: start worker process 42
2024/05/20 15:02:39 [notice] 1#1: start worker process 43
2024/05/20 15:04:01 [notice] 1#1: signal 3 (SIGQUIT) received, shutting down
2024/05/20 15:04:01 [notice] 28#28: gracefully shutting down
2024/05/20 15:04:01 [notice] 29#29: gracefully shutting down
2024/05/20 15:04:01 [notice] 32#32: gracefully shutting down
2024/05/20 15:04:01 [notice] 30#30: gracefully shutting down
2024/05/20 15:04:01 [notice] 31#31: gracefully shutting down
2024/05/20 15:04:01 [notice] 33#33: gracefully shutting down
2024/05/20 15:04:01 [notice] 34#34: gracefully shutting down
2024/05/20 15:04:01 [notice] 35#35: gracefully shutting down
2024/05/20 15:04:01 [notice] 36#36: gracefully shutting down
2024/05/20 15:04:01 [notice] 37#37: gracefully shutting down
2024/05/20 15:04:01 [notice] 38#38: gracefully shutting down
2024/05/20 15:04:01 [notice] 39#39: gracefully shutting down
2024/05/20 15:04:01 [notice] 41#41: gracefully shutting down
2024/05/20 15:04:01 [notice] 40#40: gracefully shutting down
2024/05/20 15:04:01 [notice] 42#42: gracefully shutting down
2024/05/20 15:04:01 [notice] 43#43: gracefully shutting down
2024/05/20 15:04:01 [notice] 28#28: exiting
2024/05/20 15:04:01 [notice] 29#29: exiting
2024/05/20 15:04:01 [notice] 32#32: exiting
2024/05/20 15:04:01 [notice] 30#30: exiting
2024/05/20 15:04:01 [notice] 31#31: exiting
2024/05/20 15:04:01 [notice] 33#33: exiting
2024/05/20 15:04:01 [notice] 34#34: exiting
2024/05/20 15:04:01 [notice] 35#35: exiting
2024/05/20 15:04:01 [notice] 36#36: exiting
2024/05/20 15:04:01 [notice] 37#37: exiting
2024/05/20 15:04:01 [notice] 38#38: exiting
2024/05/20 15:04:01 [notice] 39#39: exiting
2024/05/20 15:04:01 [notice] 41#41: exiting
2024/05/20 15:04:01 [notice] 40#40: exiting
2024/05/20 15:04:01 [notice] 42#42: exiting
2024/05/20 15:04:01 [notice] 43#43: exiting
2024/05/20 15:04:01 [notice] 28#28: exit
2024/05/20 15:04:01 [notice] 29#29: exit
2024/05/20 15:04:01 [notice] 32#32: exit
2024/05/20 15:04:01 [notice] 30#30: exit
2024/05/20 15:04:01 [notice] 31#31: exit
2024/05/20 15:04:01 [notice] 33#33: exit
2024/05/20 15:04:01 [notice] 34#34: exit
2024/05/20 15:04:01 [notice] 35#35: exit
2024/05/20 15:04:01 [notice] 36#36: exit
2024/05/20 15:04:01 [notice] 37#37: exit
2024/05/20 15:04:01 [notice] 38#38: exit
2024/05/20 15:04:01 [notice] 39#39: exit
2024/05/20 15:04:01 [notice] 41#41: exit
2024/05/20 15:04:01 [notice] 40#40: exit
2024/05/20 15:04:01 [notice] 42#42: exit
2024/05/20 15:04:01 [notice] 43#43: exit
2024/05/20 15:04:01 [notice] 1#1: signal 17 (SIGCHLD) received from 43
2024/05/20 15:04:01 [notice] 1#1: worker process 29 exited with code 0
2024/05/20 15:04:01 [notice] 1#1: worker process 31 exited with code 0
2024/05/20 15:04:01 [notice] 1#1: worker process 32 exited with code 0
2024/05/20 15:04:01 [notice] 1#1: worker process 34 exited with code 0
2024/05/20 15:04:01 [notice] 1#1: worker process 36 exited with code 0
2024/05/20 15:04:01 [notice] 1#1: worker process 38 exited with code 0
2024/05/20 15:04:01 [notice] 1#1: worker process 40 exited with code 0
2024/05/20 15:04:01 [notice] 1#1: worker process 43 exited with code 0
2024/05/20 15:04:01 [notice] 1#1: signal 29 (SIGIO) received
2024/05/20 15:04:01 [notice] 1#1: signal 17 (SIGCHLD) received from 32
2024/05/20 15:04:01 [notice] 1#1: signal 17 (SIGCHLD) received from 35
2024/05/20 15:04:01 [notice] 1#1: worker process 28 exited with code 0
2024/05/20 15:04:01 [notice] 1#1: worker process 30 exited with code 0
2024/05/20 15:04:01 [notice] 1#1: worker process 35 exited with code 0
2024/05/20 15:04:01 [notice] 1#1: worker process 37 exited with code 0
2024/05/20 15:04:01 [notice] 1#1: worker process 39 exited with code 0
2024/05/20 15:04:01 [notice] 1#1: worker process 41 exited with code 0
2024/05/20 15:04:01 [notice] 1#1: signal 29 (SIGIO) received
2024/05/20 15:04:01 [notice] 1#1: signal 17 (SIGCHLD) received from 30
2024/05/20 15:04:01 [notice] 1#1: signal 17 (SIGCHLD) received from 42
2024/05/20 15:04:01 [notice] 1#1: worker process 42 exited with code 0
2024/05/20 15:04:01 [notice] 1#1: signal 29 (SIGIO) received
2024/05/20 15:04:01 [notice] 1#1: signal 17 (SIGCHLD) received from 33
2024/05/20 15:04:01 [notice] 1#1: worker process 33 exited with code 0
2024/05/20 15:04:01 [notice] 1#1: exit
2024/05/20 15:04:03 [notice] 1#1: using the "epoll" event method
2024/05/20 15:04:03 [notice] 1#1: nginx/1.25.5
2024/05/20 15:04:03 [notice] 1#1: built by gcc 12.2.0 (Debian 12.2.0-14) 
2024/05/20 15:04:03 [notice] 1#1: OS: Linux 5.15.146.1-microsoft-standard-WSL2
2024/05/20 15:04:03 [notice] 1#1: getrlimit(RLIMIT_NOFILE): 1048576:1048576
2024/05/20 15:04:03 [notice] 1#1: start worker processes
2024/05/20 15:04:03 [notice] 1#1: start worker process 28
2024/05/20 15:04:03 [notice] 1#1: start worker process 29
2024/05/20 15:04:03 [notice] 1#1: start worker process 30
2024/05/20 15:04:03 [notice] 1#1: start worker process 31
2024/05/20 15:04:03 [notice] 1#1: start worker process 32
2024/05/20 15:04:03 [notice] 1#1: start worker process 33
2024/05/20 15:04:03 [notice] 1#1: start worker process 34
2024/05/20 15:04:03 [notice] 1#1: start worker process 35
2024/05/20 15:04:03 [notice] 1#1: start worker process 36
2024/05/20 15:04:03 [notice] 1#1: start worker process 37
2024/05/20 15:04:03 [notice] 1#1: start worker process 38
2024/05/20 15:04:03 [notice] 1#1: start worker process 39
2024/05/20 15:04:03 [notice] 1#1: start worker process 40
2024/05/20 15:04:03 [notice] 1#1: start worker process 41
2024/05/20 15:04:03 [notice] 1#1: start worker process 42
2024/05/20 15:04:03 [notice] 1#1: start worker process 43
2024/05/20 15:04:55 [notice] 1#1: signal 3 (SIGQUIT) received, shutting down
2024/05/20 15:04:55 [notice] 28#28: gracefully shutting down
2024/05/20 15:04:55 [notice] 29#29: gracefully shutting down
2024/05/20 15:04:55 [notice] 31#31: gracefully shutting down
2024/05/20 15:04:55 [notice] 30#30: gracefully shutting down
2024/05/20 15:04:55 [notice] 32#32: gracefully shutting down
2024/05/20 15:04:55 [notice] 33#33: gracefully shutting down
2024/05/20 15:04:55 [notice] 35#35: gracefully shutting down
2024/05/20 15:04:55 [notice] 34#34: gracefully shutting down
2024/05/20 15:04:55 [notice] 37#37: gracefully shutting down
2024/05/20 15:04:55 [notice] 38#38: gracefully shutting down
2024/05/20 15:04:55 [notice] 36#36: gracefully shutting down
2024/05/20 15:04:55 [notice] 39#39: gracefully shutting down
2024/05/20 15:04:55 [notice] 40#40: gracefully shutting down
2024/05/20 15:04:55 [notice] 42#42: gracefully shutting down
2024/05/20 15:04:55 [notice] 41#41: gracefully shutting down
2024/05/20 15:04:55 [notice] 43#43: gracefully shutting down
2024/05/20 15:04:55 [notice] 28#28: exiting
2024/05/20 15:04:55 [notice] 31#31: exiting
2024/05/20 15:04:55 [notice] 30#30: exiting
2024/05/20 15:04:55 [notice] 32#32: exiting
2024/05/20 15:04:55 [notice] 33#33: exiting
2024/05/20 15:04:55 [notice] 35#35: exiting
2024/05/20 15:04:55 [notice] 34#34: exiting
2024/05/20 15:04:55 [notice] 37#37: exiting
2024/05/20 15:04:55 [notice] 38#38: exiting
2024/05/20 15:04:55 [notice] 36#36: exiting
2024/05/20 15:04:55 [notice] 39#39: exiting
2024/05/20 15:04:55 [notice] 40#40: exiting
2024/05/20 15:04:55 [notice] 42#42: exiting
2024/05/20 15:04:55 [notice] 41#41: exiting
2024/05/20 15:04:55 [notice] 43#43: exiting
2024/05/20 15:04:55 [notice] 28#28: exit
2024/05/20 15:04:55 [notice] 31#31: exit
2024/05/20 15:04:55 [notice] 30#30: exit
2024/05/20 15:04:55 [notice] 32#32: exit
2024/05/20 15:04:55 [notice] 33#33: exit
2024/05/20 15:04:55 [notice] 35#35: exit
2024/05/20 15:04:55 [notice] 34#34: exit
2024/05/20 15:04:55 [notice] 37#37: exit
2024/05/20 15:04:55 [notice] 38#38: exit
2024/05/20 15:04:55 [notice] 36#36: exit
2024/05/20 15:04:55 [notice] 39#39: exit
2024/05/20 15:04:55 [notice] 40#40: exit
2024/05/20 15:04:55 [notice] 42#42: exit
2024/05/20 15:04:55 [notice] 41#41: exit
2024/05/20 15:04:55 [notice] 43#43: exit
2024/05/20 15:04:55 [notice] 1#1: signal 17 (SIGCHLD) received from 35
2024/05/20 15:04:55 [notice] 1#1: worker process 28 exited with code 0
2024/05/20 15:04:55 [notice] 1#1: worker process 30 exited with code 0
2024/05/20 15:04:55 [notice] 1#1: worker process 32 exited with code 0
2024/05/20 15:04:55 [notice] 1#1: worker process 35 exited with code 0
2024/05/20 15:04:55 [notice] 1#1: worker process 36 exited with code 0
2024/05/20 15:04:55 [notice] 1#1: worker process 37 exited with code 0
2024/05/20 15:04:55 [notice] 1#1: worker process 40 exited with code 0
2024/05/20 15:04:55 [notice] 1#1: signal 29 (SIGIO) received
2024/05/20 15:04:55 [notice] 1#1: signal 17 (SIGCHLD) received from 37
2024/05/20 15:04:55 [notice] 1#1: signal 17 (SIGCHLD) received from 34
2024/05/20 15:04:55 [notice] 1#1: worker process 34 exited with code 0
2024/05/20 15:04:55 [notice] 1#1: signal 29 (SIGIO) received
2024/05/20 15:04:55 [notice] 1#1: signal 17 (SIGCHLD) received from 42
2024/05/20 15:04:55 [notice] 1#1: worker process 31 exited with code 0
2024/05/20 15:04:55 [notice] 1#1: worker process 33 exited with code 0
2024/05/20 15:04:55 [notice] 1#1: worker process 38 exited with code 0
2024/05/20 15:04:55 [notice] 1#1: worker process 41 exited with code 0
2024/05/20 15:04:55 [notice] 1#1: worker process 42 exited with code 0
2024/05/20 15:04:55 [notice] 1#1: signal 29 (SIGIO) received
2024/05/20 15:04:55 [notice] 1#1: signal 17 (SIGCHLD) received from 41
2024/05/20 15:04:55 [notice] 1#1: signal 17 (SIGCHLD) received from 39
2024/05/20 15:04:55 [notice] 1#1: worker process 39 exited with code 0
2024/05/20 15:04:55 [notice] 1#1: worker process 43 exited with code 0
2024/05/20 15:04:55 [notice] 1#1: signal 29 (SIGIO) received
2024/05/20 15:04:55 [notice] 1#1: signal 17 (SIGCHLD) received from 43
2024/05/20 15:05:07 [notice] 1#1: using the "epoll" event method
2024/05/20 15:05:07 [notice] 1#1: nginx/1.25.5
2024/05/20 15:05:07 [notice] 1#1: built by gcc 12.2.0 (Debian 12.2.0-14) 
2024/05/20 15:05:07 [notice] 1#1: OS: Linux 5.15.146.1-microsoft-standard-WSL2
2024/05/20 15:05:07 [notice] 1#1: getrlimit(RLIMIT_NOFILE): 1048576:1048576
2024/05/20 15:05:07 [notice] 1#1: start worker processes
2024/05/20 15:05:07 [notice] 1#1: start worker process 28
2024/05/20 15:05:07 [notice] 1#1: start worker process 29
2024/05/20 15:05:07 [notice] 1#1: start worker process 30
2024/05/20 15:05:07 [notice] 1#1: start worker process 31
2024/05/20 15:05:07 [notice] 1#1: start worker process 32
2024/05/20 15:05:07 [notice] 1#1: start worker process 33
2024/05/20 15:05:07 [notice] 1#1: start worker process 34
2024/05/20 15:05:07 [notice] 1#1: start worker process 35
2024/05/20 15:05:07 [notice] 1#1: start worker process 36
2024/05/20 15:05:07 [notice] 1#1: start worker process 37
2024/05/20 15:05:07 [notice] 1#1: start worker process 38
2024/05/20 15:05:07 [notice] 1#1: start worker process 39
2024/05/20 15:05:07 [notice] 1#1: start worker process 40
2024/05/20 15:05:07 [notice] 1#1: start worker process 41
2024/05/20 15:05:07 [notice] 1#1: start worker process 42
2024/05/20 15:05:07 [notice] 1#1: start worker process 43
2024/05/20 15:12:37 [notice] 1#1: signal 3 (SIGQUIT) received, shutting down
2024/05/20 15:12:37 [notice] 31#31: gracefully shutting down
2024/05/20 15:12:37 [notice] 32#32: gracefully shutting down
2024/05/20 15:12:37 [notice] 33#33: gracefully shutting down
2024/05/20 15:12:37 [notice] 36#36: gracefully shutting down
2024/05/20 15:12:37 [notice] 29#29: gracefully shutting down
2024/05/20 15:12:37 [notice] 35#35: gracefully shutting down
2024/05/20 15:12:37 [notice] 38#38: gracefully shutting down
2024/05/20 15:12:37 [notice] 37#37: gracefully shutting down
2024/05/20 15:12:37 [notice] 34#34: gracefully shutting down
2024/05/20 15:12:37 [notice] 40#40: gracefully shutting down
2024/05/20 15:12:37 [notice] 39#39: gracefully shutting down
2024/05/20 15:12:37 [notice] 42#42: gracefully shutting down
2024/05/20 15:12:37 [notice] 43#43: gracefully shutting down
2024/05/20 15:12:37 [notice] 41#41: gracefully shutting down
2024/05/20 15:12:37 [notice] 30#30: gracefully shutting down
2024/05/20 15:12:37 [notice] 28#28: gracefully shutting down
2024/05/20 15:12:37 [notice] 31#31: exiting
2024/05/20 15:12:37 [notice] 32#32: exiting
2024/05/20 15:12:37 [notice] 31#31: exit
2024/05/20 15:12:37 [notice] 33#33: exiting
2024/05/20 15:12:37 [notice] 36#36: exiting
2024/05/20 15:12:37 [notice] 29#29: exiting
2024/05/20 15:12:37 [notice] 35#35: exiting
2024/05/20 15:12:37 [notice] 38#38: exiting
2024/05/20 15:12:37 [notice] 37#37: exiting
2024/05/20 15:12:37 [notice] 34#34: exiting
2024/05/20 15:12:37 [notice] 40#40: exiting
2024/05/20 15:12:37 [notice] 39#39: exiting
2024/05/20 15:12:37 [notice] 42#42: exiting
2024/05/20 15:12:37 [notice] 43#43: exiting
2024/05/20 15:12:37 [notice] 41#41: exiting
2024/05/20 15:12:37 [notice] 30#30: exiting
2024/05/20 15:12:37 [notice] 28#28: exiting
2024/05/20 15:12:37 [notice] 32#32: exit
2024/05/20 15:12:37 [notice] 33#33: exit
2024/05/20 15:12:37 [notice] 36#36: exit
2024/05/20 15:12:37 [notice] 29#29: exit
2024/05/20 15:12:37 [notice] 35#35: exit
2024/05/20 15:12:37 [notice] 38#38: exit
2024/05/20 15:12:37 [notice] 37#37: exit
2024/05/20 15:12:37 [notice] 34#34: exit
2024/05/20 15:12:37 [notice] 40#40: exit
2024/05/20 15:12:37 [notice] 39#39: exit
2024/05/20 15:12:37 [notice] 42#42: exit
2024/05/20 15:12:37 [notice] 43#43: exit
2024/05/20 15:12:37 [notice] 41#41: exit
2024/05/20 15:12:37 [notice] 30#30: exit
2024/05/20 15:12:37 [notice] 28#28: exit
2024/05/20 15:12:37 [notice] 1#1: signal 17 (SIGCHLD) received from 36
2024/05/20 15:12:37 [notice] 1#1: worker process 36 exited with code 0
2024/05/20 15:12:37 [notice] 1#1: signal 29 (SIGIO) received
2024/05/20 15:12:37 [notice] 1#1: signal 17 (SIGCHLD) received from 42
2024/05/20 15:12:37 [notice] 1#1: worker process 28 exited with code 0
2024/05/20 15:12:37 [notice] 1#1: worker process 29 exited with code 0
2024/05/20 15:12:37 [notice] 1#1: worker process 31 exited with code 0
2024/05/20 15:12:37 [notice] 1#1: worker process 32 exited with code 0
2024/05/20 15:12:37 [notice] 1#1: worker process 33 exited with code 0
2024/05/20 15:12:37 [notice] 1#1: worker process 34 exited with code 0
2024/05/20 15:12:37 [notice] 1#1: worker process 35 exited with code 0
2024/05/20 15:12:37 [notice] 1#1: worker process 37 exited with code 0
2024/05/20 15:12:37 [notice] 1#1: worker process 39 exited with code 0
2024/05/20 15:12:37 [notice] 1#1: worker process 41 exited with code 0
2024/05/20 15:12:37 [notice] 1#1: worker process 42 exited with code 0
2024/05/20 15:12:37 [notice] 1#1: worker process 43 exited with code 0
2024/05/20 15:12:37 [notice] 1#1: signal 29 (SIGIO) received
2024/05/20 15:12:37 [notice] 1#1: signal 17 (SIGCHLD) received from 41
2024/05/20 15:12:37 [notice] 1#1: signal 17 (SIGCHLD) received from 38
2024/05/20 15:12:37 [notice] 1#1: worker process 30 exited with code 0
2024/05/20 15:12:37 [notice] 1#1: worker process 38 exited with code 0
2024/05/20 15:12:37 [notice] 1#1: worker process 40 exited with code 0
2024/05/20 15:12:37 [notice] 1#1: exit
2024/05/20 15:12:40 [notice] 1#1: using the "epoll" event method
2024/05/20 15:12:40 [notice] 1#1: nginx/1.25.5
2024/05/20 15:12:40 [notice] 1#1: built by gcc 12.2.0 (Debian 12.2.0-14) 
2024/05/20 15:12:40 [notice] 1#1: OS: Linux 5.15.146.1-microsoft-standard-WSL2
2024/05/20 15:12:40 [notice] 1#1: getrlimit(RLIMIT_NOFILE): 1048576:1048576
2024/05/20 15:12:40 [notice] 1#1: start worker processes
2024/05/20 15:12:40 [notice] 1#1: start worker process 28
2024/05/20 15:12:40 [notice] 1#1: start worker process 29
2024/05/20 15:12:40 [notice] 1#1: start worker process 30
2024/05/20 15:12:40 [notice] 1#1: start worker process 31
2024/05/20 15:12:40 [notice] 1#1: start worker process 32
2024/05/20 15:12:40 [notice] 1#1: start worker process 33
2024/05/20 15:12:40 [notice] 1#1: start worker process 34
2024/05/20 15:12:40 [notice] 1#1: start worker process 35
2024/05/20 15:12:40 [notice] 1#1: start worker process 36
2024/05/20 15:12:40 [notice] 1#1: start worker process 37
2024/05/20 15:12:40 [notice] 1#1: start worker process 38
2024/05/20 15:12:40 [notice] 1#1: start worker process 39
2024/05/20 15:12:40 [notice] 1#1: start worker process 40
2024/05/20 15:12:40 [notice] 1#1: start worker process 41
2024/05/20 15:12:40 [notice] 1#1: start worker process 42
2024/05/20 15:12:40 [notice] 1#1: start worker process 43
2024/05/20 15:13:58 [notice] 1#1: signal 3 (SIGQUIT) received, shutting down
2024/05/20 15:13:58 [notice] 28#28: gracefully shutting down
2024/05/20 15:13:58 [notice] 40#40: gracefully shutting down
2024/05/20 15:13:58 [notice] 29#29: gracefully shutting down
2024/05/20 15:13:58 [notice] 30#30: gracefully shutting down
2024/05/20 15:13:58 [notice] 31#31: gracefully shutting down
2024/05/20 15:13:58 [notice] 32#32: gracefully shutting down
2024/05/20 15:13:58 [notice] 33#33: gracefully shutting down
2024/05/20 15:13:58 [notice] 34#34: gracefully shutting down
2024/05/20 15:13:58 [notice] 36#36: gracefully shutting down
2024/05/20 15:13:58 [notice] 35#35: gracefully shutting down
2024/05/20 15:13:58 [notice] 37#37: gracefully shutting down
2024/05/20 15:13:58 [notice] 38#38: gracefully shutting down
2024/05/20 15:13:58 [notice] 39#39: gracefully shutting down
2024/05/20 15:13:58 [notice] 41#41: gracefully shutting down
2024/05/20 15:13:58 [notice] 42#42: gracefully shutting down
2024/05/20 15:13:58 [notice] 43#43: gracefully shutting down
2024/05/20 15:13:58 [notice] 28#28: exiting
2024/05/20 15:13:58 [notice] 40#40: exiting
2024/05/20 15:13:58 [notice] 29#29: exiting
2024/05/20 15:13:58 [notice] 30#30: exiting
2024/05/20 15:13:58 [notice] 31#31: exiting
2024/05/20 15:13:58 [notice] 32#32: exiting
2024/05/20 15:13:58 [notice] 33#33: exiting
2024/05/20 15:13:58 [notice] 34#34: exiting
2024/05/20 15:13:58 [notice] 36#36: exiting
2024/05/20 15:13:58 [notice] 35#35: exiting
2024/05/20 15:13:58 [notice] 37#37: exiting
2024/05/20 15:13:58 [notice] 38#38: exiting
2024/05/20 15:13:58 [notice] 39#39: exiting
2024/05/20 15:13:58 [notice] 41#41: exiting
2024/05/20 15:13:58 [notice] 42#42: exiting
2024/05/20 15:13:58 [notice] 43#43: exiting
2024/05/20 15:13:58 [notice] 28#28: exit
2024/05/20 15:13:58 [notice] 40#40: exit
2024/05/20 15:13:58 [notice] 29#29: exit
2024/05/20 15:13:58 [notice] 30#30: exit
2024/05/20 15:13:58 [notice] 31#31: exit
2024/05/20 15:13:58 [notice] 32#32: exit
2024/05/20 15:13:58 [notice] 33#33: exit
2024/05/20 15:13:58 [notice] 34#34: exit
2024/05/20 15:13:58 [notice] 36#36: exit
2024/05/20 15:13:58 [notice] 35#35: exit
2024/05/20 15:13:58 [notice] 37#37: exit
2024/05/20 15:13:58 [notice] 38#38: exit
2024/05/20 15:13:58 [notice] 39#39: exit
2024/05/20 15:13:58 [notice] 41#41: exit
2024/05/20 15:13:58 [notice] 42#42: exit
2024/05/20 15:13:58 [notice] 43#43: exit
2024/05/20 15:13:59 [notice] 1#1: signal 17 (SIGCHLD) received from 43
2024/05/20 15:13:59 [notice] 1#1: worker process 28 exited with code 0
2024/05/20 15:13:59 [notice] 1#1: worker process 29 exited with code 0
2024/05/20 15:13:59 [notice] 1#1: worker process 31 exited with code 0
2024/05/20 15:13:59 [notice] 1#1: worker process 32 exited with code 0
2024/05/20 15:13:59 [notice] 1#1: worker process 33 exited with code 0
2024/05/20 15:13:59 [notice] 1#1: worker process 34 exited with code 0
2024/05/20 15:13:59 [notice] 1#1: worker process 35 exited with code 0
2024/05/20 15:13:59 [notice] 1#1: worker process 37 exited with code 0
2024/05/20 15:13:59 [notice] 1#1: worker process 38 exited with code 0
2024/05/20 15:13:59 [notice] 1#1: worker process 39 exited with code 0
2024/05/20 15:13:59 [notice] 1#1: worker process 40 exited with code 0
2024/05/20 15:13:59 [notice] 1#1: worker process 42 exited with code 0
2024/05/20 15:13:59 [notice] 1#1: worker process 43 exited with code 0
2024/05/20 15:13:59 [notice] 1#1: signal 29 (SIGIO) received
2024/05/20 15:13:59 [notice] 1#1: signal 17 (SIGCHLD) received from 33
2024/05/20 15:13:59 [notice] 1#1: signal 17 (SIGCHLD) received from 30
2024/05/20 15:13:59 [notice] 1#1: worker process 30 exited with code 0
2024/05/20 15:13:59 [notice] 1#1: worker process 36 exited with code 0
2024/05/20 15:13:59 [notice] 1#1: worker process 41 exited with code 0
2024/05/20 15:13:59 [notice] 1#1: exit
2024/05/20 15:14:00 [notice] 1#1: using the "epoll" event method
2024/05/20 15:14:00 [notice] 1#1: nginx/1.25.5
2024/05/20 15:14:00 [notice] 1#1: built by gcc 12.2.0 (Debian 12.2.0-14) 
2024/05/20 15:14:00 [notice] 1#1: OS: Linux 5.15.146.1-microsoft-standard-WSL2
2024/05/20 15:14:00 [notice] 1#1: getrlimit(RLIMIT_NOFILE): 1048576:1048576
2024/05/20 15:14:00 [notice] 1#1: start worker processes
2024/05/20 15:14:00 [notice] 1#1: start worker process 28
2024/05/20 15:14:00 [notice] 1#1: start worker process 29
2024/05/20 15:14:00 [notice] 1#1: start worker process 30
2024/05/20 15:14:00 [notice] 1#1: start worker process 31
2024/05/20 15:14:00 [notice] 1#1: start worker process 32
2024/05/20 15:14:00 [notice] 1#1: start worker process 33
2024/05/20 15:14:00 [notice] 1#1: start worker process 34
2024/05/20 15:14:00 [notice] 1#1: start worker process 35
2024/05/20 15:14:00 [notice] 1#1: start worker process 36
2024/05/20 15:14:00 [notice] 1#1: start worker process 37
2024/05/20 15:14:00 [notice] 1#1: start worker process 38
2024/05/20 15:14:00 [notice] 1#1: start worker process 39
2024/05/20 15:14:00 [notice] 1#1: start worker process 40
2024/05/20 15:14:00 [notice] 1#1: start worker process 41
2024/05/20 15:14:00 [notice] 1#1: start worker process 42
2024/05/20 15:14:00 [notice] 1#1: start worker process 43
2024/05/20 15:16:53 [notice] 1#1: signal 3 (SIGQUIT) received, shutting down
2024/05/20 15:16:53 [notice] 28#28: gracefully shutting down
2024/05/20 15:16:53 [notice] 40#40: gracefully shutting down
2024/05/20 15:16:53 [notice] 29#29: gracefully shutting down
2024/05/20 15:16:53 [notice] 30#30: gracefully shutting down
2024/05/20 15:16:53 [notice] 31#31: gracefully shutting down
2024/05/20 15:16:53 [notice] 32#32: gracefully shutting down
2024/05/20 15:16:53 [notice] 34#34: gracefully shutting down
2024/05/20 15:16:53 [notice] 33#33: gracefully shutting down
2024/05/20 15:16:53 [notice] 35#35: gracefully shutting down
2024/05/20 15:16:53 [notice] 36#36: gracefully shutting down
2024/05/20 15:16:53 [notice] 37#37: gracefully shutting down
2024/05/20 15:16:53 [notice] 39#39: gracefully shutting down
2024/05/20 15:16:53 [notice] 38#38: gracefully shutting down
2024/05/20 15:16:53 [notice] 41#41: gracefully shutting down
2024/05/20 15:16:53 [notice] 42#42: gracefully shutting down
2024/05/20 15:16:53 [notice] 43#43: gracefully shutting down
2024/05/20 15:16:53 [notice] 28#28: exiting
2024/05/20 15:16:53 [notice] 40#40: exiting
2024/05/20 15:16:53 [notice] 29#29: exiting
2024/05/20 15:16:53 [notice] 30#30: exiting
2024/05/20 15:16:53 [notice] 31#31: exiting
2024/05/20 15:16:53 [notice] 32#32: exiting
2024/05/20 15:16:53 [notice] 34#34: exiting
2024/05/20 15:16:53 [notice] 33#33: exiting
2024/05/20 15:16:53 [notice] 35#35: exiting
2024/05/20 15:16:53 [notice] 36#36: exiting
2024/05/20 15:16:53 [notice] 37#37: exiting
2024/05/20 15:16:53 [notice] 39#39: exiting
2024/05/20 15:16:53 [notice] 38#38: exiting
2024/05/20 15:16:53 [notice] 41#41: exiting
2024/05/20 15:16:53 [notice] 42#42: exiting
2024/05/20 15:16:53 [notice] 43#43: exiting
2024/05/20 15:16:53 [notice] 28#28: exit
2024/05/20 15:16:53 [notice] 40#40: exit
2024/05/20 15:16:53 [notice] 29#29: exit
2024/05/20 15:16:53 [notice] 30#30: exit
2024/05/20 15:16:53 [notice] 31#31: exit
2024/05/20 15:16:53 [notice] 32#32: exit
2024/05/20 15:16:53 [notice] 34#34: exit
2024/05/20 15:16:53 [notice] 33#33: exit
2024/05/20 15:16:53 [notice] 35#35: exit
2024/05/20 15:16:53 [notice] 36#36: exit
2024/05/20 15:16:53 [notice] 37#37: exit
2024/05/20 15:16:53 [notice] 39#39: exit
2024/05/20 15:16:53 [notice] 38#38: exit
2024/05/20 15:16:53 [notice] 41#41: exit
2024/05/20 15:16:53 [notice] 42#42: exit
2024/05/20 15:16:53 [notice] 43#43: exit
2024/05/20 15:16:53 [notice] 1#1: signal 17 (SIGCHLD) received from 29
2024/05/20 15:16:53 [notice] 1#1: worker process 28 exited with code 0
2024/05/20 15:16:53 [notice] 1#1: worker process 29 exited with code 0
2024/05/20 15:16:53 [notice] 1#1: worker process 30 exited with code 0
2024/05/20 15:16:53 [notice] 1#1: worker process 31 exited with code 0
2024/05/20 15:16:53 [notice] 1#1: worker process 33 exited with code 0
2024/05/20 15:16:53 [notice] 1#1: worker process 37 exited with code 0
2024/05/20 15:16:53 [notice] 1#1: worker process 40 exited with code 0
2024/05/20 15:16:53 [notice] 1#1: signal 29 (SIGIO) received
2024/05/20 15:16:53 [notice] 1#1: signal 17 (SIGCHLD) received from 33
2024/05/20 15:16:53 [notice] 1#1: signal 17 (SIGCHLD) received from 32
2024/05/20 15:16:53 [notice] 1#1: worker process 32 exited with code 0
2024/05/20 15:16:53 [notice] 1#1: worker process 43 exited with code 0
2024/05/20 15:16:53 [notice] 1#1: signal 29 (SIGIO) received
2024/05/20 15:16:53 [notice] 1#1: signal 17 (SIGCHLD) received from 43
2024/05/20 15:16:53 [notice] 1#1: signal 17 (SIGCHLD) received from 35
2024/05/20 15:16:53 [notice] 1#1: worker process 35 exited with code 0
2024/05/20 15:16:53 [notice] 1#1: worker process 38 exited with code 0
2024/05/20 15:16:53 [notice] 1#1: signal 29 (SIGIO) received
2024/05/20 15:16:53 [notice] 1#1: signal 17 (SIGCHLD) received from 41
2024/05/20 15:16:53 [notice] 1#1: worker process 36 exited with code 0
2024/05/20 15:16:53 [notice] 1#1: worker process 41 exited with code 0
2024/05/20 15:16:53 [notice] 1#1: signal 29 (SIGIO) received
2024/05/20 15:16:53 [notice] 1#1: signal 17 (SIGCHLD) received from 42
2024/05/20 15:16:53 [notice] 1#1: worker process 42 exited with code 0
2024/05/20 15:16:53 [notice] 1#1: signal 29 (SIGIO) received
2024/05/20 15:16:53 [notice] 1#1: signal 17 (SIGCHLD) received from 34
2024/05/20 15:16:53 [notice] 1#1: worker process 34 exited with code 0
2024/05/20 15:16:53 [notice] 1#1: worker process 39 exited with code 0
2024/05/20 15:16:53 [notice] 1#1: exit
2024/05/20 15:16:54 [notice] 1#1: using the "epoll" event method
2024/05/20 15:16:54 [notice] 1#1: nginx/1.25.5
2024/05/20 15:16:54 [notice] 1#1: built by gcc 12.2.0 (Debian 12.2.0-14) 
2024/05/20 15:16:54 [notice] 1#1: OS: Linux 5.15.146.1-microsoft-standard-WSL2
2024/05/20 15:16:54 [notice] 1#1: getrlimit(RLIMIT_NOFILE): 1048576:1048576
2024/05/20 15:16:54 [notice] 1#1: start worker processes
